Build started 4/14/2015 6:34:54 PM.
     1>Project "C:\Users\Ben\Desktop\Geometric_Lighting_Improved-GLFW\Geometric_Lighting_Improved-GLFW\Geometric_Lighting_Improved-GLFW.vcxproj" on node 2 (Build target(s)).
     1>ClCompile:
         C:\Program Files (x86)\Microsoft Visual Studio 12.0\VC\bin\CL.exe /c /ZI /nologo /W3 /WX- /Od /Oy- /D WIN32 /D _DEBUG /D _CONSOLE /D _LIB /D _UNICODE /D UNICODE /Gm /EHsc /RTC1 /MDd /GS /fp:precise /Zc:wchar_t /Zc:forScope /Fo"Debug\\" /Fd"Debug\vc120.pdb" /Gd /TP /analyze- /errorReport:prompt main.cpp
         main.cpp
     1>c:\users\ben\desktop\geometric_lighting_improved-glfw\geometric_lighting_improved-glfw\main.cpp(223): warning C4305: 'initializing' : truncation from 'double' to 'GLfloat'
     1>c:\users\ben\desktop\geometric_lighting_improved-glfw\geometric_lighting_improved-glfw\main.cpp(400): warning C4244: 'initializing' : conversion from 'double' to 'float', possible loss of data
       Link:
         C:\Program Files (x86)\Microsoft Visual Studio 12.0\VC\bin\link.exe /ERRORREPORT:PROMPT /OUT:"C:\Users\Ben\Desktop\Geometric_Lighting_Improved-GLFW\Debug\Geometric_Lighting_Improved-GLFW.exe" /INCREMENTAL /NOLOGO glfw3.lib opengl32.lib glew32.lib kernel32.lib user32.lib gdi32.lib winspool.lib comdlg32.lib advapi32.lib shell32.lib ole32.lib oleaut32.lib uuid.lib odbc32.lib odbccp32.lib /MANIFEST /MANIFESTUAC:"level='asInvoker' uiAccess='false'" /manifest:embed /DEBUG /PDB:"C:\Users\Ben\Desktop\Geometric_Lighting_Improved-GLFW\Debug\Geometric_Lighting_Improved-GLFW.pdb" /SUBSYSTEM:CONSOLE /TLBID:1 /DYNAMICBASE /NXCOMPAT /IMPLIB:"C:\Users\Ben\Desktop\Geometric_Lighting_Improved-GLFW\Debug\Geometric_Lighting_Improved-GLFW.lib" /MACHINE:X86 Debug\B_Spline.obj
         Debug\CameraManager.obj
         Debug\Init_Shader.obj
         Debug\InputManager.obj
         Debug\InteractiveShape.obj
         Debug\LightingManager.obj
         Debug\main.obj
         Debug\Patch.obj
         Debug\RenderManager.obj
         Debug\RenderShape.obj
         Geometric_Lighting_Improved-GLFW.vcxproj -> C:\Users\Ben\Desktop\Geometric_Lighting_Improved-GLFW\Debug\Geometric_Lighting_Improved-GLFW.exe
     1>Done Building Project "C:\Users\Ben\Desktop\Geometric_Lighting_Improved-GLFW\Geometric_Lighting_Improved-GLFW\Geometric_Lighting_Improved-GLFW.vcxproj" (Build target(s)).

Build succeeded.

Time Elapsed 00:00:00.84
